#
# A fatal error has been detected by the Java Runtime Environment:
#
#  SIGSEGV (0xb) at pc=0x00007f8585941106, pid=10745, tid=140211248633600
#
# JRE version: OpenJDK Runtime Environment (7.0_75-b13) (build 1.7.0_75-b13)
# Java VM: OpenJDK 64-Bit Server VM (24.75-b04 mixed mode linux-amd64 compressed oops)
# Derivative: IcedTea 2.5.4
# Distribution: Custom build (Fri Jan 23 11:00:44 UTC 2015)
# Problematic frame:
# V  [libjvm.so+0x972106]
#
# Failed to write core dump. Core dumps have been disabled. To enable core dumping, try "ulimit -c unlimited" before starting Java again
#
# If you would like to submit a bug report, please include
# instructions on how to reproduce the bug and visit:
#   http://icedtea.classpath.org/bugzilla
#

---------------  T H R E A D  ---------------

Current thread (0x00007f858007d000):  VMThread [stack: 0x00007f85799b1000,0x00007f8579ab2000] [id=10760]

siginfo:si_signo=SIGSEGV: si_errno=0, si_code=2 (SEGV_ACCERR), si_addr=0x00007f85736c6ff0

Registers:
RAX=0x0000000000000001, RBX=0x00007f8528455e20, RCX=0x000000000000f90c, RDX=0x000000000000f90b
RSP=0x00007f8579ab0440, RBP=0x00007f8579ab04f0, RSI=0x0000000000000000, RDI=0x0000000000000020
R8 =0x00007f8528614a70, R9 =0x0000000000000000, R10=0x00007f8548097500, R11=0x0000000000098000
R12=0x00007f8528456420, R13=0x00007f85736c6fe8, R14=0x00007f8579ab0480, R15=0x0000000000000000
RIP=0x00007f8585941106, EFLAGS=0x0000000000010246, CSGSFS=0x0000000000000033, ERR=0x0000000000000004
  TRAPNO=0x000000000000000e

Top of Stack: (sp=0x00007f8579ab0440)
0x00007f8579ab0440:   0000000079ab0500 00007f8528522920
0x00007f8579ab0450:   00007f85737c00b8 00007f857cbfa0a0
0x00007f8579ab0460:   00007f857cbf0310 00007f8500000000
0x00007f8579ab0470:   00007f85737c00f8 00007f85737c00b8
0x00007f8579ab0480:   00007f85737c00b8 00007f857cbfa0a0
0x00007f8579ab0490:   00007f857cbf0310 00007f8500000000
0x00007f8579ab04a0:   00007f85737c00f8 00007f85737c00b8
0x00007f8579ab04b0:   00007f85737c00f8 b79463b3eacac800
0x00007f8579ab04c0:   0000000000000100 00007f8579ab0520
0x00007f8579ab04d0:   00007f8528455df0 00007f8528455e20
0x00007f8579ab04e0:   0000000000000100 00007f8580976800
0x00007f8579ab04f0:   00007f8579ab0b10 00007f85852d108a
0x00007f8579ab0500:   00007f858598f4d3 00007f8579ab0610
0x00007f8579ab0510:   00007f8580976800 fffffffffffffff8
0x00007f8579ab0520:   00007f8580081800 00007f8579ab0630
0x00007f8579ab0530:   00000000d6d00000 0000000700000000
0x00007f8579ab0540:   00007f8500000000 0000003000000010
0x00007f8579ab0550:   00007f8579ab0c20 00007f8579ab0b40
0x00007f8579ab0560:   00007f8500000000 b79463b300000000
0x00007f8579ab0570:   0000000000000000 00007f8500000000
0x00007f8579ab0580:   00007f8500000000 0000000000000000
0x00007f8579ab0590:   0000000000000000 0000000000000000
0x00007f8579ab05a0:   000000000000000e ffffffff00000000
0x00007f8579ab05b0:   00000000ffffff20 0000000000000000
0x00007f8579ab05c0:   0000000000000000 ffffffffffffffff
0x00007f8579ab05d0:   00000007fffffff2 00007f858606558a
0x00007f8579ab05e0:   00007f8500000000 000000000000000e
0x00007f8579ab05f0:   00007f858598f4d3 00007f858606558a
0x00007f8579ab0600:   00007f85859c8903 0000002600000000
0x00007f8579ab0610:   00007f85859c8905 0000000800000000
0x00007f8579ab0620:   0000000784800000 0000000000999748
0x00007f8579ab0630:   000000077a200000 0000003000000010 

Instructions: (pc=0x00007f8585941106)
0x00007f85859410e6:   89 45 b0 48 8b 43 30 48 89 45 b8 e8 0a e3 ba ff
0x00007f85859410f6:   49 39 c5 0f 82 11 01 00 00 31 f6 bf 20 00 00 00
0x00007f8585941106:   4d 8b 7d 08 e8 51 82 f0 ff 48 85 c0 49 89 c0 74
0x00007f8585941116:   17 4c 89 38 48 c7 40 10 00 00 00 00 4c 89 68 08 

Register to memory mapping:

RAX=0x0000000000000001 is an unknown value
RBX=0x00007f8528455e20 is an unknown value
RCX=0x000000000000f90c is an unknown value
RDX=0x000000000000f90b is an unknown value
RSP=0x00007f8579ab0440 is an unknown value
RBP=0x00007f8579ab04f0 is an unknown value
RSI=0x0000000000000000 is an unknown value
RDI=0x0000000000000020 is an unknown value
R8 =0x00007f8528614a70 is an unknown value
R9 =0x0000000000000000 is an unknown value
R10=0x00007f8548097500 is an unknown value
R11=0x0000000000098000 is an unknown value
R12=0x00007f8528456420 is an unknown value
R13=0x00007f85736c6fe8 is pointing into the stack for thread: 0x00007f8580976800
R14=0x00007f8579ab0480 is an unknown value
R15=0x0000000000000000 is an unknown value


Stack: [0x00007f85799b1000,0x00007f8579ab2000],  sp=0x00007f8579ab0440,  free space=1021k
Native frames: (J=compiled Java code, j=interpreted, Vv=VM code, C=native code)
V  [libjvm.so+0x972106]
V  [libjvm.so+0x30208a]
V  [libjvm.so+0x302b10]
V  [libjvm.so+0x303edc]
V  [libjvm.so+0x984107]
V  [libjvm.so+0x9826fb]
V  [libjvm.so+0x982da6]
V  [libjvm.so+0x983271]
V  [libjvm.so+0x7ee7d2]

VM_Operation (0x00007f85798ae840): BulkRevokeBias, mode: safepoint, requested by thread 0x00007f8580083800


---------------  P R O C E S S  ---------------

Java Threads: ( => current thread )
  0x00007f85809bf000 JavaThread "/0:0:0:0:0:0:0:1:54813 to /0:0:0:0:0:0:0:1%1:41291 workers Thread 3" [_thread_in_native, id=10773, stack(0x00007f85734c2000,0x00007f85735c3000)]
  0x00007f858097f000 JavaThread "/0:0:0:0:0:0:0:1:54813 to /0:0:0:0:0:0:0:1%1:41291 workers Thread 2" [_thread_blocked, id=10772, stack(0x00007f85735c3000,0x00007f85736c4000)]
  0x00007f8580976800 JavaThread "/0:0:0:0:0:0:0:1:54813 to /0:0:0:0:0:0:0:1%1:41291 workers" [_thread_blocked, id=10771, stack(0x00007f85736c4000,0x00007f85737c5000)]
  0x00007f85800b6000 JavaThread "Service Thread" daemon [_thread_blocked, id=10766, stack(0x00007f8579222000,0x00007f8579323000)]
  0x00007f85800b3800 JavaThread "C2 CompilerThread1" daemon [_thread_blocked, id=10765, stack(0x00007f8579323000,0x00007f8579424000)]
  0x00007f85800b1000 JavaThread "C2 CompilerThread0" daemon [_thread_blocked, id=10764, stack(0x00007f8579424000,0x00007f8579525000)]
  0x00007f85800ae800 JavaThread "Signal Dispatcher" daemon [_thread_blocked, id=10763, stack(0x00007f8579525000,0x00007f8579626000)]
  0x00007f8580083800 JavaThread "Finalizer" daemon [_thread_blocked, id=10762, stack(0x00007f85797af000,0x00007f85798b0000)]
  0x00007f8580081800 JavaThread "Reference Handler" daemon [_thread_blocked, id=10761, stack(0x00007f85798b0000,0x00007f85799b1000)]
  0x00007f8580009000 JavaThread "main" [_thread_blocked, id=10751, stack(0x00007f8586ad8000,0x00007f8586bd9000)]

Other Threads:
=>0x00007f858007d000 VMThread [stack: 0x00007f85799b1000,0x00007f8579ab2000] [id=10760]
  0x00007f85800c1000 WatcherThread [stack: 0x00007f8579121000,0x00007f8579222000] [id=10767]

VM state:at safepoint (normal execution)

VM Mutex/Monitor currently owned by a thread:  ([mutex/lock_event])
[0x00007f8580006880] Threads_lock - owner thread: 0x00007f858007d000

Heap
 PSYoungGen      total 108544K, used 24955K [0x00000007d6d00000, 0x00000007e2e00000, 0x0000000800000000)
  eden space 84992K, 1% used [0x00000007d6d00000,0x00000007d6e6b888,0x00000007dc000000)
  from space 23552K, 99% used [0x00000007e1700000,0x00000007e2df33c0,0x00000007e2e00000)
  to   space 42496K, 0% used [0x00000007ddb00000,0x00000007ddb00000,0x00000007e0480000)
 ParOldGen       total 171520K, used 78638K [0x0000000784800000, 0x000000078ef80000, 0x00000007d6d00000)
  object space 171520K, 45% used [0x0000000784800000,0x00000007894cba40,0x000000078ef80000)
 PSPermGen       total 24576K, used 12434K [0x000000077a200000, 0x000000077ba00000, 0x0000000784800000)
  object space 24576K, 50% used [0x000000077a200000,0x000000077ae24910,0x000000077ba00000)

Card table byte_map: [0x00007f857c7bb000,0x00007f857cbeb000] byte_map_base: 0x00007f8578bea000

Polling page: 0x00007f8586c0c000

Code Cache  [0x00007f857cbeb000, 0x00007f857ce5b000, 0x00007f857fbeb000)
 total_blobs=724 nmethods=441 adapters=236 free_code_cache=47192Kb largest_free_block=48293568

Compilation events (10 events):
Event: 4.693 Thread 0x00007f85800b3800 nmethod 445 0x00007f857cdd2e50 code [0x00007f857cdd3080, 0x00007f857cdd3888]
Event: 4.693 Thread 0x00007f85800b3800  447             com.sun.tools.javac.tree.TreeInfo::symbol (73 bytes)
Event: 4.695 Thread 0x00007f85800b3800 nmethod 447 0x00007f857cdd2b50 code [0x00007f857cdd2ca0, 0x00007f857cdd2d58]
Event: 4.695 Thread 0x00007f85800b3800  448             com.sun.tools.javac.code.Symbol::flatName (5 bytes)
Event: 4.695 Thread 0x00007f85800b3800 nmethod 448 0x00007f857cdd28d0 code [0x00007f857cdd2a20, 0x00007f857cdd2ab8]
Event: 4.695 Thread 0x00007f85800b3800  449             com.sun.tools.javac.jvm.ClassReader::readClass (469 bytes)
Event: 4.700 Thread 0x00007f85800b1000 nmethod 446 0x00007f857cddb990 code [0x00007f857cddbbc0, 0x00007f857cddc228]
Event: 4.700 Thread 0x00007f85800b1000  450             java.util.RegularEnumSet::contains (57 bytes)
Event: 4.736 Thread 0x00007f85800b1000 nmethod 450 0x00007f857cdd24d0 code [0x00007f857cdd2620, 0x00007f857cdd2718]
Event: 4.737 Thread 0x00007f85800b1000  451             com.sun.tools.javac.comp.Attr::checkId (752 bytes)

GC Heap History (10 events):
Event: 2.262 GC heap before
{Heap before GC invocations=3 (full 0):
 PSYoungGen      total 37376K, used 37371K [0x00000007d6d00000, 0x00000007db600000, 0x0000000800000000)
  eden space 32256K, 100% used [0x00000007d6d00000,0x00000007d8c80000,0x00000007d8c80000)
  from space 5120K, 99% used [0x00000007d9180000,0x00000007d967eef0,0x00000007d9680000)
  to   space 5120K, 0% used [0x00000007d8c80000,0x00000007d8c80000,0x00000007d9180000)
 ParOldGen       total 83968K, used 6609K [0x0000000784800000, 0x0000000789a00000, 0x00000007d6d00000)
  object space 83968K, 7% used [0x0000000784800000,0x0000000784e74548,0x0000000789a00000)
 PSPermGen       total 21504K, used 12113K [0x000000077a200000, 0x000000077b700000, 0x0000000784800000)
  object space 21504K, 56% used [0x000000077a200000,0x000000077add47a8,0x000000077b700000)
Event: 2.291 GC heap after
Heap after GC invocations=3 (full 0):
 PSYoungGen      total 37376K, used 5105K [0x00000007d6d00000, 0x00000007db600000, 0x0000000800000000)
  eden space 32256K, 0% used [0x00000007d6d00000,0x00000007d6d00000,0x00000007d8c80000)
  from space 5120K, 99% used [0x00000007d8c80000,0x00000007d917c750,0x00000007d9180000)
  to   space 5120K, 0% used [0x00000007db100000,0x00000007db100000,0x00000007db600000)
 ParOldGen       total 83968K, used 24510K [0x0000000784800000, 0x0000000789a00000, 0x00000007d6d00000)
  object space 83968K, 29% used [0x0000000784800000,0x0000000785fefad8,0x0000000789a00000)
 PSPermGen       total 21504K, used 12113K [0x000000077a200000, 0x000000077b700000, 0x0000000784800000)
  object space 21504K, 56% used [0x000000077a200000,0x000000077add47a8,0x000000077b700000)
}
Event: 2.751 GC heap before
{Heap before GC invocations=4 (full 0):
 PSYoungGen      total 37376K, used 37352K [0x00000007d6d00000, 0x00000007db600000, 0x0000000800000000)
  eden space 32256K, 99% used [0x00000007d6d00000,0x00000007d8c7db28,0x00000007d8c80000)
  from space 5120K, 99% used [0x00000007d8c80000,0x00000007d917c750,0x00000007d9180000)
  to   space 5120K, 0% used [0x00000007db100000,0x00000007db100000,0x00000007db600000)
 ParOldGen       total 83968K, used 24510K [0x0000000784800000, 0x0000000789a00000, 0x00000007d6d00000)
  object space 83968K, 29% used [0x0000000784800000,0x0000000785fefad8,0x0000000789a00000)
 PSPermGen       total 21504K, used 12135K [0x000000077a200000, 0x000000077b700000, 0x0000000784800000)
  object space 21504K, 56% used [0x000000077a200000,0x000000077add9c68,0x000000077b700000)
Event: 2.783 GC heap after
Heap after GC invocations=4 (full 0):
 PSYoungGen      total 69632K, used 5088K [0x00000007d6d00000, 0x00000007db600000, 0x0000000800000000)
  eden space 64512K, 0% used [0x00000007d6d00000,0x00000007d6d00000,0x00000007dac00000)
  from space 5120K, 99% used [0x00000007db100000,0x00000007db5f8020,0x00000007db600000)
  to   space 5120K, 0% used [0x00000007dac00000,0x00000007dac00000,0x00000007db100000)
 ParOldGen       total 83968K, used 42000K [0x0000000784800000, 0x0000000789a00000, 0x00000007d6d00000)
  object space 83968K, 50% used [0x0000000784800000,0x00000007871043f8,0x0000000789a00000)
 PSPermGen       total 21504K, used 12135K [0x000000077a200000, 0x000000077b700000, 0x0000000784800000)
  object space 21504K, 56% used [0x000000077a200000,0x000000077add9c68,0x000000077b700000)
}
Event: 3.044 GC heap before
{Heap before GC invocations=5 (full 0):
 PSYoungGen      total 69632K, used 69600K [0x00000007d6d00000, 0x00000007db600000, 0x0000000800000000)
  eden space 64512K, 100% used [0x00000007d6d00000,0x00000007dac00000,0x00000007dac00000)
  from space 5120K, 99% used [0x00000007db100000,0x00000007db5f8020,0x00000007db600000)
  to   space 5120K, 0% used [0x00000007dac00000,0x00000007dac00000,0x00000007db100000)
 ParOldGen       total 83968K, used 42000K [0x0000000784800000, 0x0000000789a00000, 0x00000007d6d00000)
  object space 83968K, 50% used [0x0000000784800000,0x00000007871043f8,0x0000000789a00000)
 PSPermGen       total 21504K, used 12143K [0x000000077a200000, 0x000000077b700000, 0x0000000784800000)
  object space 21504K, 56% used [0x000000077a200000,0x000000077addbc48,0x000000077b700000)
Event: 3.099 GC heap after
Heap after GC invocations=5 (full 0):
 PSYoungGen      total 69632K, used 5109K [0x00000007d6d00000, 0x00000007e4300000, 0x0000000800000000)
  eden space 64512K, 0% used [0x00000007d6d00000,0x00000007d6d00000,0x00000007dac00000)
  from space 5120K, 99% used [0x00000007dac00000,0x00000007db0fd5f8,0x00000007db100000)
  to   space 45056K, 0% used [0x00000007e1700000,0x00000007e1700000,0x00000007e4300000)
 ParOldGen       total 83968K, used 77657K [0x0000000784800000, 0x0000000789a00000, 0x00000007d6d00000)
  object space 83968K, 92% used [0x0000000784800000,0x00000007893d6668,0x0000000789a00000)
 PSPermGen       total 21504K, used 12143K [0x000000077a200000, 0x000000077b700000, 0x0000000784800000)
  object space 21504K, 56% used [0x000000077a200000,0x000000077addbc48,0x000000077b700000)
}
Event: 3.099 GC heap before
{Heap before GC invocations=6 (full 1):
 PSYoungGen      total 69632K, used 5109K [0x00000007d6d00000, 0x00000007e4300000, 0x0000000800000000)
  eden space 64512K, 0% used [0x00000007d6d00000,0x00000007d6d00000,0x00000007dac00000)
  from space 5120K, 99% used [0x00000007dac00000,0x00000007db0fd5f8,0x00000007db100000)
  to   space 45056K, 0% used [0x00000007e1700000,0x00000007e1700000,0x00000007e4300000)
 ParOldGen       total 83968K, used 77657K [0x0000000784800000, 0x0000000789a00000, 0x00000007d6d00000)
  object space 83968K, 92% used [0x0000000784800000,0x00000007893d6668,0x0000000789a00000)
 PSPermGen       total 21504K, used 12143K [0x000000077a200000, 0x000000077b700000, 0x0000000784800000)
  object space 21504K, 56% used [0x000000077a200000,0x000000077addbc48,0x000000077b700000)
Event: 3.533 GC heap after
Heap after GC invocations=6 (full 1):
 PSYoungGen      total 69632K, used 0K [0x00000007d6d00000, 0x00000007e4300000, 0x0000000800000000)
  eden space 64512K, 0% used [0x00000007d6d00000,0x00000007d6d00000,0x00000007dac00000)
  from space 5120K, 0% used [0x00000007dac00000,0x00000007dac00000,0x00000007db100000)
  to   space 45056K, 0% used [0x00000007e1700000,0x00000007e1700000,0x00000007e4300000)
 ParOldGen       total 171520K, used 78638K [0x0000000784800000, 0x000000078ef80000, 0x00000007d6d00000)
  object space 171520K, 45% used [0x0000000784800000,0x00000007894cba40,0x000000078ef80000)
 PSPermGen       total 24576K, used 12136K [0x000000077a200000, 0x000000077ba00000, 0x0000000784800000)
  object space 24576K, 49% used [0x000000077a200000,0x000000077adda2f0,0x000000077ba00000)
}
Event: 4.700 GC heap before
{Heap before GC invocations=7 (full 1):
 PSYoungGen      total 69632K, used 64512K [0x00000007d6d00000, 0x00000007e4300000, 0x0000000800000000)
  eden space 64512K, 100% used [0x00000007d6d00000,0x00000007dac00000,0x00000007dac00000)
  from space 5120K, 0% used [0x00000007dac00000,0x00000007dac00000,0x00000007db100000)
  to   space 45056K, 0% used [0x00000007e1700000,0x00000007e1700000,0x00000007e4300000)
 ParOldGen       total 171520K, used 78638K [0x0000000784800000, 0x000000078ef80000, 0x00000007d6d00000)
  object space 171520K, 45% used [0x0000000784800000,0x00000007894cba40,0x000000078ef80000)
 PSPermGen       total 24576K, used 12433K [0x000000077a200000, 0x000000077ba00000, 0x0000000784800000)
  object space 24576K, 50% used [0x000000077a200000,0x000000077ae24478,0x000000077ba00000)
Event: 4.734 GC heap after
Heap after GC invocations=7 (full 1):
 PSYoungGen      total 108544K, used 23500K [0x00000007d6d00000, 0x00000007e2e00000, 0x0000000800000000)
  eden space 84992K, 0% used [0x00000007d6d00000,0x00000007d6d00000,0x00000007dc000000)
  from space 23552K, 99% used [0x00000007e1700000,0x00000007e2df33c0,0x00000007e2e00000)
  to   space 42496K, 0% used [0x00000007ddb00000,0x00000007ddb00000,0x00000007e0480000)
 ParOldGen       total 171520K, used 78638K [0x0000000784800000, 0x000000078ef80000, 0x00000007d6d00000)
  object space 171520K, 45% used [0x0000000784800000,0x00000007894cba40,0x000000078ef80000)
 PSPermGen       total 24576K, used 12433K [0x000000077a200000, 0x000000077ba00000, 0x0000000784800000)
  object space 24576K, 50% used [0x000000077a200000,0x000000077ae24478,0x000000077ba00000)
}

Deoptimization events (10 events):
Event: 4.285 Thread 0x00007f8580976800 Uncommon trap: reason=class_check action=maybe_recompile pc=0x00007f857cda893c method=com.sun.tools.javac.tree.JCTree$JCImport.accept(Lcom/sun/tools/javac/tree/JCTree$Visitor;)V @ 2
Event: 4.286 Thread 0x00007f8580976800 Uncommon trap: reason=unreached action=reinterpret pc=0x00007f857ccec174 method=com.sun.tools.javac.file.ZipFileIndex.getFiles(Lcom/sun/tools/javac/file/RelativePath$RelativeDirectory;)Lcom/sun/tools/javac/util/List; @ 19
Event: 4.386 Thread 0x00007f8580976800 Uncommon trap: reason=unreached action=reinterpret pc=0x00007f857ccf5a98 method=com.sun.tools.javac.code.Scope.getIndex(Lcom/sun/tools/javac/util/Name;)I @ 60
Event: 4.387 Thread 0x00007f8580976800 Uncommon trap: reason=unreached action=reinterpret pc=0x00007f857ccdbe18 method=com.sun.tools.javac.code.Scope.getIndex(Lcom/sun/tools/javac/util/Name;)I @ 60
Event: 4.387 Thread 0x00007f8580976800 Uncommon trap: reason=unreached action=reinterpret pc=0x00007f857ccc65cc method=com.sun.tools.javac.code.Scope.getIndex(Lcom/sun/tools/javac/util/Name;)I @ 60
Event: 4.400 Thread 0x00007f8580976800 Uncommon trap: reason=null_check action=make_not_entrant pc=0x00007f857cdaffd4 method=com.sun.tools.javac.jvm.ClassReader.enterClass(Lcom/sun/tools/javac/util/Name;)Lcom/sun/tools/javac/code/Symbol$ClassSymbol; @ 10
Event: 4.440 Thread 0x00007f8580976800 Uncommon trap: reason=unreached action=reinterpret pc=0x00007f857cce1dc0 method=com.sun.tools.javac.code.Scope.dble()V @ 44
Event: 4.451 Thread 0x00007f8580976800 Uncommon trap: reason=unreached action=reinterpret pc=0x00007f857cdb5308 method=com.sun.tools.javac.jvm.ClassReader.classSigToType()Lcom/sun/tools/javac/code/Type; @ 148
Event: 4.457 Thread 0x00007f8580976800 Uncommon trap: reason=unreached action=reinterpret pc=0x00007f857cdadbb0 method=com.sun.tools.javac.code.Scope.getIndex(Lcom/sun/tools/javac/util/Name;)I @ 60
Event: 4.683 Thread 0x00007f8580976800 Uncommon trap: reason=unreached action=reinterpret pc=0x00007f857cdc9890 method=com.sun.tools.javac.code.Scope.dble()V @ 39

Internal exceptions (10 events):
Event: 4.295 Thread 0x00007f8580976800 Threw 0x00000007d919d920 at /build/java7-openjdk/src/icedtea-2.5.4/openjdk/hotspot/src/share/vm/prims/jvm.cpp:1284
Event: 4.303 Thread 0x00007f8580976800 Threw 0x00000007d91b41b0 at /build/java7-openjdk/src/icedtea-2.5.4/openjdk/hotspot/src/share/vm/prims/jvm.cpp:1284
Event: 4.304 Thread 0x00007f8580976800 Threw 0x00000007d91b5390 at /build/java7-openjdk/src/icedtea-2.5.4/openjdk/hotspot/src/share/vm/prims/jvm.cpp:1284
Event: 4.304 Thread 0x00007f8580976800 Threw 0x00000007d91ba030 at /build/java7-openjdk/src/icedtea-2.5.4/openjdk/hotspot/src/share/vm/prims/jvm.cpp:1284
Event: 4.304 Thread 0x00007f8580976800 Threw 0x00000007d91bb210 at /build/java7-openjdk/src/icedtea-2.5.4/openjdk/hotspot/src/share/vm/prims/jvm.cpp:1284
Event: 4.400 Thread 0x00007f8580976800 Implicit null exception at 0x00007f857cdaf89c to 0x00007f857cdaffc5
Event: 4.604 Thread 0x00007f8580976800 Threw 0x00000007da7e1de8 at /build/java7-openjdk/src/icedtea-2.5.4/openjdk/hotspot/src/share/vm/prims/jvm.cpp:1284
Event: 4.604 Thread 0x00007f8580976800 Threw 0x00000007da7e31c8 at /build/java7-openjdk/src/icedtea-2.5.4/openjdk/hotspot/src/share/vm/prims/jvm.cpp:1284
Event: 4.605 Thread 0x00007f8580976800 Threw 0x00000007da7e7ad0 at /build/java7-openjdk/src/icedtea-2.5.4/openjdk/hotspot/src/share/vm/prims/jvm.cpp:1284
Event: 4.605 Thread 0x00007f8580976800 Threw 0x00000007da7e8eb0 at /build/java7-openjdk/src/icedtea-2.5.4/openjdk/hotspot/src/share/vm/prims/jvm.cpp:1284

Events (10 events):
Event: 4.737 Executing VM operation: RevokeBias done
Event: 4.737 Executing VM operation: RevokeBias
Event: 4.737 Executing VM operation: RevokeBias done
Event: 4.737 Executing VM operation: RevokeBias
Event: 4.737 Executing VM operation: RevokeBias done
Event: 4.737 Executing VM operation: RevokeBias
Event: 4.737 Executing VM operation: RevokeBias done
Event: 4.737 Executing VM operation: RevokeBias
Event: 4.737 Executing VM operation: RevokeBias done
Event: 4.737 Executing VM operation: BulkRevokeBias


Dynamic libraries:
00400000-00401000 r-xp 00000000 08:02 11280099                           /usr/lib/jvm/java-7-openjdk/jre/bin/java
00600000-00601000 rw-p 00000000 08:02 11280099                           /usr/lib/jvm/java-7-openjdk/jre/bin/java
01c07000-01c28000 rw-p 00000000 00:00 0                                  [heap]
77a200000-77ba00000 rw-p 00000000 00:00 0 
77ba00000-784800000 rw-p 00000000 00:00 0 
784800000-78ef80000 rw-p 00000000 00:00 0 
78ef80000-7d6d00000 rw-p 00000000 00:00 0 
7d6d00000-7e2e00000 rw-p 00000000 00:00 0 
7e2e00000-7e4300000 ---p 00000000 00:00 0 
7e4300000-800000000 rw-p 00000000 00:00 0 
7f8510000000-7f8510021000 rw-p 00000000 00:00 0 
7f8510021000-7f8514000000 ---p 00000000 00:00 0 
7f8518000000-7f85184f4000 rw-p 00000000 00:00 0 
7f85184f4000-7f851c000000 ---p 00000000 00:00 0 
7f851c000000-7f851c021000 rw-p 00000000 00:00 0 
7f851c021000-7f8520000000 ---p 00000000 00:00 0 
7f8520000000-7f8520021000 rw-p 00000000 00:00 0 
7f8520021000-7f8524000000 ---p 00000000 00:00 0 
7f8524000000-7f8524021000 rw-p 00000000 00:00 0 
7f8524021000-7f8528000000 ---p 00000000 00:00 0 
7f8528000000-7f85292ca000 rw-p 00000000 00:00 0 
7f85292ca000-7f852c000000 ---p 00000000 00:00 0 
7f852c000000-7f852d02c000 rw-p 00000000 00:00 0 
7f852d02c000-7f8530000000 ---p 00000000 00:00 0 
7f8530000000-7f8530021000 rw-p 00000000 00:00 0 
7f8530021000-7f8534000000 ---p 00000000 00:00 0 
7f8534000000-7f8534021000 rw-p 00000000 00:00 0 
7f8534021000-7f8538000000 ---p 00000000 00:00 0 
7f8538000000-7f8538021000 rw-p 00000000 00:00 0 
7f8538021000-7f853c000000 ---p 00000000 00:00 0 
7f853fd10000-7f8544000000 rw-p 00000000 00:00 0 
7f8544000000-7f8544021000 rw-p 00000000 00:00 0 
7f8544021000-7f8548000000 ---p 00000000 00:00 0 
7f8548000000-7f854813d000 rw-p 00000000 00:00 0 
7f854813d000-7f854c000000 ---p 00000000 00:00 0 
7f854c000000-7f854c021000 rw-p 00000000 00:00 0 
7f854c021000-7f8550000000 ---p 00000000 00:00 0 
7f8554000000-7f8554021000 rw-p 00000000 00:00 0 
7f8554021000-7f8558000000 ---p 00000000 00:00 0 
7f855c000000-7f855c021000 rw-p 00000000 00:00 0 
7f855c021000-7f8560000000 ---p 00000000 00:00 0 
7f8564000000-7f8564021000 rw-p 00000000 00:00 0 
7f8564021000-7f8568000000 ---p 00000000 00:00 0 
7f8568000000-7f8568021000 rw-p 00000000 00:00 0 
7f8568021000-7f856c000000 ---p 00000000 00:00 0 
7f856c000000-7f856c021000 rw-p 00000000 00:00 0 
7f856c021000-7f8570000000 ---p 00000000 00:00 0 
7f8573457000-7f8573458000 rw-p 00000000 00:00 0 
7f8573458000-7f85734c2000 r--s 0069e000 08:02 11280170                   /usr/lib/jvm/java-7-openjdk/lib/tools.jar
7f85734c2000-7f85734c5000 ---p 00000000 00:00 0 
7f85734c5000-7f85735c3000 rw-p 00000000 00:00 0                          [stack:10773]
7f85735c3000-7f85735c6000 ---p 00000000 00:00 0 
7f85735c6000-7f85736c4000 rw-p 00000000 00:00 0                          [stack:10772]
7f85736c4000-7f85736c7000 ---p 00000000 00:00 0 
7f85736c7000-7f85737c5000 rw-p 00000000 00:00 0                          [stack:10771]
7f85737c5000-7f85737ce000 r--s 0002c000 08:02 11668694                   /usr/share/java/gradle/lib/gradle-tooling-api-2.2.1.jar
7f85737ce000-7f85737d0000 r--s 00002000 08:02 11668696                   /usr/share/java/gradle/lib/gradle-open-api-2.2.1.jar
7f85737d0000-7f85737d6000 r--s 00032000 08:02 11668686                   /usr/share/java/gradle/lib/jaxen-1.1.jar
7f85737d6000-7f85737db000 r--s 00048000 08:02 11668707                   /usr/share/java/gradle/lib/dom4j-1.6.1.jar
7f85737db000-7f85737e6000 r--s 00059000 08:02 11668693                   /usr/share/java/gradle/lib/gradle-ui-2.2.1.jar
7f85737e6000-7f85737e8000 r--s 00006000 08:02 11668695                   /usr/share/java/gradle/lib/gradle-resources-2.2.1.jar
7f85737e8000-7f85737ea000 r--s 00007000 08:02 11668667                   /usr/share/java/gradle/lib/objenesis-1.2.jar
7f85737ea000-7f85737ec000 r--s 00000000 08:02 11668677                   /usr/share/java/gradle/lib/minlog-1.2.jar
7f85737ec000-7f85737ee000 r--s 0000f000 08:02 11668666                   /usr/share/java/gradle/lib/reflectasm-1.07-shaded.jar
7f85737ee000-7f85737f2000 r--s 00026000 08:02 11668681                   /usr/share/java/gradle/lib/kryo-2.20.jar
7f85737f2000-7f85737f3000 r--s 00003000 08:02 11668675                   /usr/share/java/gradle/lib/native-platform-freebsd-amd64-0.10.jar
7f85737f3000-7f85737f4000 r--s 00003000 08:02 11668674                   /usr/share/java/gradle/lib/native-platform-freebsd-i386-0.10.jar
7f85737f4000-7f85737f5000 r--s 00005000 08:02 11668668                   /usr/share/java/gradle/lib/native-platform-windows-i386-0.10.jar
7f85737f5000-7f85737f6000 r--s 00005000 08:02 11668669                   /usr/share/java/gradle/lib/native-platform-windows-amd64-0.10.jar
7f85737f6000-7f85737f7000 r--s 00003000 08:02 11668672                   /usr/share/java/gradle/lib/native-platform-linux-i386-0.10.jar
7f85737f7000-7f85737f8000 r--s 00003000 08:02 11668673                   /usr/share/java/gradle/lib/native-platform-linux-amd64-0.10.jar
7f85737f8000-7f85737f9000 r--s 00002000 08:02 11668671                   /usr/share/java/gradle/lib/native-platform-osx-amd64-0.10.jar
7f85737f9000-7f85737fa000 r--s 00002000 08:02 11668670                   /usr/share/java/gradle/lib/native-platform-osx-i386-0.10.jar
7f85737fa000-7f85737fc000 r--s 00008000 08:02 11668689                   /usr/share/java/gradle/lib/jansi-1.2.1.jar
7f85737fc000-7f85737ff000 r--s 0000d000 08:02 11668676                   /usr/share/java/gradle/lib/native-platform-0.10.jar
7f85737ff000-7f8573803000 r--s 000e4000 08:02 11668683                   /usr/share/java/gradle/lib/jna-3.2.7.jar
7f8573803000-7f8573805000 r--s 00003000 08:02 11668705                   /usr/share/java/gradle/lib/gradle-base-services-groovy-2.2.1.jar
7f8573805000-7f8573807000 r--s 0000a000 08:02 11668698                   /usr/share/java/gradle/lib/gradle-model-groovy-2.2.1.jar
7f8573807000-7f857380b000 r--s 0001b000 08:02 11668699                   /usr/share/java/gradle/lib/gradle-model-core-2.2.1.jar
7f857380b000-7f857380c000 r--s 00000000 08:02 11668702                   /usr/share/java/gradle/lib/gradle-docs-2.2.1.jar
7f857380c000-7f857380d000 r--s 00005000 08:02 11668680                   /usr/share/java/gradle/lib/log4j-over-slf4j-1.7.7.jar
7f857380d000-7f8573810000 r--s 0001b000 08:02 11668688                   /usr/share/java/gradle/lib/jarjar-1.3.jar
7f8573810000-7f8573811000 r--s 00000000 08:02 11668685                   /usr/share/java/gradle/lib/jcip-annotations-1.0.jar
7f8573811000-7f857381f000 r--s 0007f000 08:02 11668747                   /usr/share/java/gradle/lib/commons-collections-3.2.1.jar
7f857381f000-7f8573827000 r--s 0003c000 08:02 11668701                   /usr/share/java/gradle/lib/gradle-launcher-2.2.1.jar
7f8573827000-7f8573828000 r--s 00001000 08:02 11669196                   /usr/share/java/gradle/lib/plugins/gradle-plugin-development-2.2.1.jar
7f8573828000-7f857382a000 r--s 00002000 08:02 11669220                   /usr/share/java/gradle/lib/plugins/gradle-cunit-2.2.1.jar
7f857382a000-7f857382f000 r--s 00036000 08:02 11669213                   /usr/share/java/gradle/lib/plugins/gradle-ide-native-2.2.1.jar
7f857382f000-7f8573834000 r--s 00013000 08:02 11669204                   /usr/share/java/gradle/lib/plugins/gradle-language-native-2.2.1.jar
7f8573834000-7f857383f000 r--s 0004d000 08:02 11669198                   /usr/share/java/gradle/lib/plugins/gradle-platform-native-2.2.1.jar
7f857383f000-7f8573841000 r--s 00008000 08:02 11669207                   /usr/share/java/gradle/lib/plugins/gradle-language-groovy-2.2.1.jar
7f8573841000-7f8573846000 r--s 00022000 08:02 11669206                   /usr/share/java/gradle/lib/plugins/gradle-language-java-2.2.1.jar
7f8573846000-7f8573849000 r--s 00007000 08:02 11669205                   /usr/share/java/gradle/lib/plugins/gradle-language-jvm-2.2.1.jar
7f8573849000-7f857384c000 r--s 00009000 08:02 11669199                   /usr/share/java/gradle/lib/plugins/gradle-platform-jvm-2.2.1.jar
7f857384c000-7f8573851000 r--s 00018000 08:02 11669200                   /usr/share/java/gradle/lib/plugins/gradle-platform-base-2.2.1.jar
7f8573851000-7f8573856000 r--s 00026000 08:02 11669222                   /usr/share/java/gradle/lib/plugins/gradle-build-init-2.2.1.jar
7f8573856000-7f8573859000 r--s 0001d000 08:02 11669210                   /usr/share/java/gradle/lib/plugins/gradle-jacoco-2.2.1.jar
7f8573859000-7f857385c000 r--s 0000d000 08:02 11669211                   /usr/share/java/gradle/lib/plugins/gradle-ivy-2.2.1.jar
7f857385c000-7f857385e000 r--s 00002000 08:02 11669193                   /usr/share/java/gradle/lib/plugins/gradle-publish-2.2.1.jar
7f857385e000-7f8573860000 r--s 00005000 08:02 11669154                   /usr/share/java/gradle/lib/plugins/jatl-0.2.2.jar
7f8573860000-7f8573862000 r--s 0000f000 08:02 11669192                   /usr/share/java/gradle/lib/plugins/gradle-reporting-2.2.1.jar
7f8573862000-7f8573867000 r--s 00034000 08:02 11669218                   /usr/share/java/gradle/lib/plugins/gradle-diagnostics-2.2.1.jar
7f8573867000-7f857386e000 r--s 00090000 08:02 11669223                   /usr/share/java/gradle/lib/plugins/gradle-build-comparison-2.2.1.jar
7f857386e000-7f8573875000 r--s 00035000 08:02 11668760                   /usr/share/java/gradle/lib/plugins/simple-4.1.21.jar
7f8573875000-7f8573881000 r--s 00100000 08:02 11668763                   /usr/share/java/gradle/lib/plugins/rhino-1.7R3.jar
7f8573881000-7f8573886000 r--s 0001f000 08:02 11669209                   /usr/share/java/gradle/lib/plugins/gradle-javascript-2.2.1.jar
7f8573886000-7f8573888000 r--s 0000e000 08:02 11669217                   /usr/share/java/gradle/lib/plugins/gradle-ear-2.2.1.jar
7f8573888000-7f857388c000 r--s 00025000 08:02 11673296                   /usr/share/java/gradle/lib/plugins/bcpg-jdk15-1.46.jar
7f857388c000-7f857388f000 r--s 0001d000 08:02 11669188                   /usr/share/java/gradle/lib/plugins/gradle-signing-2.2.1.jar
7f857388f000-7f8573890000 r--s 00002000 08:02 11668757                   /usr/share/java/gradle/lib/plugins/sonar-batch-bootstrapper-2.9.jar
7f8573890000-7f8573893000 r--s 00018000 08:02 11669187                   /usr/share/java/gradle/lib/plugins/gradle-sonar-2.2.1.jar
7f8573893000-7f8573896000 r--s 00017000 08:02 11669189                   /usr/share/java/gradle/lib/plugins/gradle-scala-2.2.1.jar
7f8573896000-7f8573898000 r--s 0000e000 08:02 11669225                   /usr/share/java/gradle/lib/plugins/gradle-announce-2.2.1.jar
7f8573898000-7f8573899000 r--s 00000000 08:02 11668687                   /usr/share/java/gradle/lib/javax.inject-1.jar
7f8573899000-7f85738a7000 r--s 000bc000 08:02 11669214                   /usr/share/java/gradle/lib/plugins/gradle-ide-2.2.1.jar
7f85738a7000-7f85738a9000 r--s 00000000 08:02 11668767                   /usr/share/java/gradle/lib/plugins/plexus-component-annotations-1.5.2.jar
7f85738a9000-7f85738ac000 r--s 0000c000 08:02 11668764                   /usr/share/java/gradle/lib/plugins/pmaven-groovy-0.8-20100325.jar
7f85738ac000-7f85738ad000 r--s 00004000 08:02 11668765                   /usr/share/java/gradle/lib/plugins/pmaven-common-0.8-20100325.jar
7f85738ad000-7f85738b1000 r--s 0001e000 08:02 11669202                   /usr/share/java/gradle/lib/plugins/gradle-maven-2.2.1.jar
7f85738b1000-7f85738c9000 r--s 0013b000 08:02 11669231                   /usr/share/java/gradle/lib/plugins/bndlib-2.1.0.jar
7f85738c9000-7f85738cb000 r--s 00004000 08:02 11669201                   /usr/share/java/gradle/lib/plugins/gradle-osgi-2.2.1.jar
7f85738cb000-7f85738cc000 r--s 00005000 08:02 11668692                   /usr/share/java/gradle/lib/gradle-wrapper-2.2.1.jar
7f85738cc000-7f85738d1000 r--s 00068000 08:02 11673297                   /usr/share/java/gradle/lib/plugins/antlr-2.7.7.jar
7f85738d1000-7f85738d2000 r--s 00002000 08:02 11673298                   /usr/share/java/gradle/lib/plugins/ant-antlr-1.9.3.jar
7f85738d2000-7f85738d4000 r--s 00004000 08:02 11669224                   /usr/share/java/gradle/lib/plugins/gradle-antlr-2.2.1.jar
7f85738d4000-7f85738d7000 r--s 0001e000 08:02 11668772                   /usr/share/java/gradle/lib/plugins/jsp-api-2.1-6.1.14.jar
7f85738d7000-7f85738fa000 r--s 00344000 08:02 11669227                   /usr/share/java/gradle/lib/plugins/core-3.1.1.jar
7f85738fa000-7f85738fb000 r--s 00006000 08:02 11669104                   /usr/share/java/gradle/lib/plugins/jetty-naming-6.1.25.jar
7f85738fb000-7f85738fd000 r--s 00002000 08:02 11669105                   /usr/share/java/gradle/lib/plugins/jetty-annotations-6.1.25.jar
7f85738fd000-7f857390e000 r--s 000ea000 08:02 11668773                   /usr/share/java/gradle/lib/plugins/jsp-2.1-6.1.14.jar
7f857390e000-7f8573910000 r--s 0000d000 08:02 11669103                   /usr/share/java/gradle/lib/plugins/jetty-plus-6.1.25.jar
7f8573910000-7f8573912000 r--s 0001f000 08:02 11668761                   /usr/share/java/gradle/lib/plugins/servlet-api-2.5-20081211.jar
7f8573912000-7f8573916000 r--s 00028000 08:02 11669102                   /usr/share/java/gradle/lib/plugins/jetty-util-6.1.25.jar
7f8573916000-7f857391d000 r--s 0007d000 08:02 11669151                   /usr/share/java/gradle/lib/plugins/jetty-6.1.25.jar
7f857391d000-7f857391f000 r--s 00009000 08:02 11669208                   /usr/share/java/gradle/lib/plugins/gradle-jetty-2.2.1.jar
7f857391f000-7f8573924000 r--s 00041000 08:02 11669221                   /usr/share/java/gradle/lib/plugins/gradle-code-quality-2.2.1.jar
7f8573924000-7f8573926000 r--s 00009000 08:02 11669185                   /usr/share/java/gradle/lib/plugins/hamcrest-core-1.3.jar
7f8573926000-7f857392c000 r--s 00033000 08:02 11668759                   /usr/share/java/gradle/lib/plugins/snakeyaml-1.6.jar
7f857392c000-7f857392e000 r--s 00006000 08:02 11669152                   /usr/share/java/gradle/lib/plugins/jcommander-1.12.jar
7f857392e000-7f8573933000 r--s 00040000 08:02 11669230                   /usr/share/java/gradle/lib/plugins/bsh-2.0b4.jar
7f8573933000-7f8573935000 r--s 00009000 08:02 11669229                   /usr/share/java/gradle/lib/plugins/commons-cli-1.2.jar
7f8573935000-7f857393e000 r--s 00089000 08:02 11668756                   /usr/share/java/gradle/lib/plugins/testng-6.3.1.jar
7f857393e000-7f8573944000 r--s 00036000 08:02 11668771                   /usr/share/java/gradle/lib/plugins/junit-4.11.jar
7f8573944000-7f8573949000 r--s 00036000 08:02 11668748                   /usr/share/java/gradle/lib/asm-all-5.0.3.jar
7f8573949000-7f8573968000 r--s 001cc000 08:02 11668751                   /usr/share/java/gradle/lib/ant-1.9.3.jar
7f8573968000-7f8573978000 r-xp 00000000 08:02 11280050                   /usr/lib/jvm/java-7-openjdk/jre/lib/amd64/libnio.so
7f8573978000-7f8573b78000 ---p 00010000 08:02 11280050                   /usr/lib/jvm/java-7-openjdk/jre/lib/amd64/libnio.so
7f8573b78000-7f8573b79000 rw-p 00010000 08:02 11280050                   /usr/lib/jvm/java-7-openjdk/jre/lib/amd64/libnio.so
7f8573b79000-7f8573b8d000 r-xp 00000000 08:02 10358022                   /usr/lib/libresolv-2.20.so
7f8573b8d000-7f8573d8c000 ---p 00014000 08:02 10358022                   /usr/lib/libresolv-2.20.so
7f8573d8c000-7f8573d8e000 r--p 00013000 08:02 10358022                   /usr/lib/libresolv-2.20.so
7f8573d8e000-7f8573d8f000 rw-p 00015000 08:02 10358022                   /usr/lib/libresolv-2.20.so
7f8573d8f000-7f8573d91000 rw-p 00000000 00:00 0 
7f8573d91000-7f8573dff000 r-xp 00000000 08:02 10364593                   /usr/lib/libpcre.so.1.2.4
7f8573dff000-7f8573ffe000 ---p 0006e000 08:02 10364593                   /usr/lib/libpcre.so.1.2.4
7f8573ffe000-7f8573fff000 r--p 0006d000 08:02 10364593                   /usr/lib/libpcre.so.1.2.4
7f8573fff000-7f8574000000 rw-p 0006e000 08:02 10364593                   /usr/lib/libpcre.so.1.2.4
7f8574000000-7f8574021000 rw-p 00000000 00:00 0 
7f8574021000-7f8578000000 ---p 00000000 00:00 0 
7f8578000000-7f8578001000 r--s 00002000 08:02 11669226                   /usr/share/java/gradle/lib/plugins/geronimo-annotation_1.0_spec-1.0.jar
7f8578001000-7f857806c000 r--s 00685000 08:02 11668691                   /usr/share/java/gradle/lib/groovy-all-2.3.6.jar
7f857806c000-7f8578078000 r--s 00075000 08:02 11669195                   /usr/share/java/gradle/lib/plugins/gradle-plugins-2.2.1.jar
7f8578078000-7f857807b000 r--s 00011000 08:02 11669194                   /usr/share/java/gradle/lib/plugins/gradle-plugin-use-2.2.1.jar
7f857807b000-7f8578093000 r--s 00115000 08:02 11668753                   /usr/share/java/gradle/lib/plugins/xercesImpl-2.9.1.jar
7f8578093000-7f857809b000 r--s 00028000 08:02 11668752                   /usr/share/java/gradle/lib/plugins/xml-apis-1.3.04.jar
7f857809b000-7f857809d000 r--s 00003000 08:02 11668684                   /usr/share/java/gradle/lib/jcl-over-slf4j-1.7.7.jar
7f857809d000-7f85780a3000 r--s 0005b000 08:02 11669153                   /usr/share/java/gradle/lib/plugins/jcifs-1.3.17.jar
7f85780a3000-7f85780a9000 r--s 00031000 08:02 11669183                   /usr/share/java/gradle/lib/plugins/httpcore-4.2.2.jar
7f85780a9000-7f85780af000 r--s 00033000 08:02 11669228                   /usr/share/java/gradle/lib/plugins/commons-codec-1.6.jar
7f85780af000-7f85780b2000 r--s 0001c000 08:02 11668768                   /usr/share/java/gradle/lib/plugins/nekohtml-1.9.14.jar
7f85780b2000-7f85780bb000 r--s 00060000 08:02 11669184                   /usr/share/java/gradle/lib/plugins/httpclient-4.2.2.jar
7f85780bb000-7f85780bd000 r--s 00007000 08:02 11669191                   /usr/share/java/gradle/lib/plugins/gradle-resources-http-2.2.1.jar
7f85780bd000-7f85780e5000 r--s 00194000 08:02 11673295                   /usr/share/java/gradle/lib/plugins/bcprov-jdk15-1.46.jar
7f85780e5000-7f85780e9000 r--s 0001d000 08:02 11668755                   /usr/share/java/gradle/lib/plugins/xbean-reflect-3.4.jar
7f85780e9000-7f85780ee000 r--s 0002a000 08:02 11669186                   /usr/share/java/gradle/lib/plugins/gson-2.2.4.jar
7f85780ee000-7f85780f2000 r--s 0003d000 08:02 11669101                   /usr/share/java/gradle/lib/plugins/jsch-0.1.51.jar
7f85780f2000-7f857810b000 r--s 00129000 08:02 11668769                   /usr/share/java/gradle/lib/plugins/maven-ant-tasks-2.1.3.jar
7f857810b000-7f857811a000 r--s 000d9000 08:02 11669182                   /usr/share/java/gradle/lib/plugins/ivy-2.2.0.jar
7f857811a000-7f857811d000 r--s 00018000 08:02 11668745                   /usr/share/java/gradle/lib/commons-io-1.4.jar
7f857811d000-7f8578122000 r--s 00041000 08:02 11668744                   /usr/share/java/gradle/lib/commons-lang-2.6.jar
7f8578122000-7f8578126000 r--s 0001e000 08:02 11669179                   /usr/share/java/gradle/lib/plugins/jarjar-aether-impl-1.13.1.jar
7f8578126000-7f8578129000 r--s 00027000 08:02 11669172                   /usr/share/java/gradle/lib/plugins/jarjar-maven-model-3.0.4.jar
7f8578129000-7f857812c000 r--s 0000b000 08:02 11669175                   /usr/share/java/gradle/lib/plugins/jarjar-maven-artifact-3.0.4.jar
7f857812c000-7f8578130000 r--s 0001e000 08:02 11669177                   /usr/share/java/gradle/lib/plugins/jarjar-aether-util-1.13.1.jar
7f8578130000-7f8578132000 r--s 00007000 08:02 11669156                   /usr/share/java/gradle/lib/plugins/jarjar-wagon-http-shared4-2.4.jar
7f8578132000-7f857813f000 r--s 00083000 08:02 11669173                   /usr/share/java/gradle/lib/plugins/jarjar-maven-core-3.0.4.jar
7f857813f000-7f8578141000 r--s 00003000 08:02 11669178                   /usr/share/java/gradle/lib/plugins/jarjar-aether-spi-1.13.1.jar
7f8578141000-7f8578143000 r--s 00009000 08:02 11669166                   /usr/share/java/gradle/lib/plugins/jarjar-maven-settings-builder-3.0.4.jar
7f8578143000-7f8578147000 r--s 00014000 08:02 11669181                   /usr/share/java/gradle/lib/plugins/jarjar-aether-api-1.13.1.jar
7f8578147000-7f857814e000 r--s 00042000 08:02 11669174                   /usr/share/java/gradle/lib/plugins/jarjar-maven-compat-3.0.4.jar
7f857814e000-7f8578150000 r--s 00006000 08:02 11669180                   /usr/share/java/gradle/lib/plugins/jarjar-aether-connector-wagon-1.13.1.jar
7f8578150000-7f8578152000 r--s 00000000 08:02 11669162                   /usr/share/java/gradle/lib/plugins/jarjar-plexus-component-annotations-1.5.5.jar
7f8578152000-7f8578154000 r--s 00006000 08:02 11669159                   /usr/share/java/gradle/lib/plugins/jarjar-plexus-sec-dispatcher-1.3.jar
7f8578154000-7f8578159000 r--s 00022000 08:02 11669171                   /usr/share/java/gradle/lib/plugins/jarjar-maven-model-builder-3.0.4.jar
7f8578159000-7f857815b000 r--s 0000b000 08:02 11669169                   /usr/share/java/gradle/lib/plugins/jarjar-maven-plugin-api-3.0.4.jar
7f857815b000-7f857818c000 rw-p 00000000 00:00 0 
7f857818c000-7f857818f000 r-xp 00000000 08:02 10364795                   /usr/lib/libgmodule-2.0.so.0.4200.1
7f857818f000-7f857838e000 ---p 00003000 08:02 10364795                   /usr/lib/libgmodule-2.0.so.0.4200.1
7f857838e000-7f857838f000 r--p 00002000 08:02 10364795                   /usr/lib/libgmodule-2.0.so.0.4200.1
7f857838f000-7f8578390000 rw-p 00003000 08:02 10364795                   /usr/lib/libgmodule-2.0.so.0.4200.1
7f8578390000-7f8578398000 r-xp 00000000 08:02 10387187                   /usr/lib/libffi.so.6.0.4
7f8578398000-7f8578597000 ---p 00008000 08:02 10387187                   /usr/lib/libffi.so.6.0.4
7f8578597000-7f8578598000 r--p 00007000 08:02 10387187                   /usr/lib/libffi.so.6.0.4
7f8578598000-7f8578599000 rw-p 00008000 08:02 10387187                   /usr/lib/libffi.so.6.0.4
7f8578599000-7f85786a5000 r-xp 00000000 08:02 10364794                   /usr/lib/libglib-2.0.so.0.4200.1
7f85786a5000-7f85788a4000 ---p 0010c000 08:02 10364794                   /usr/lib/libglib-2.0.so.0.4200.1
7f85788a4000-7f85788a5000 r--p 0010b000 08:02 10364794                   /usr/lib/libglib-2.0.so.0.4200.1
7f85788a5000-7f85788a6000 rw-p 0010c000 08:02 10364794                   /usr/lib/libglib-2.0.so.0.4200.1
7f85788a6000-7f85788a7000 rw-p 00000000 00:00 0 
7f85788a7000-7f85788f7000 r-xp 00000000 08:02 10364797                   /usr/lib/libgobject-2.0.so.0.4200.1
7f85788f7000-7f8578af6000 ---p 00050000 08:02 10364797                   /usr/lib/libgobject-2.0.so.0.4200.1
7f8578af6000-7f8578af7000 r--p 0004f000 08:02 10364797                   /usr/lib/libgobject-2.0.so.0.4200.1
7f8578af7000-7f8578af8000 rw-p 00050000 08:02 10364797                   /usr/lib/libgobject-2.0.so.0.4200.1
7f8578af8000-7f8578c67000 r-xp 00000000 08:02 10364798                   /usr/lib/libgio-2.0.so.0.4200.1
7f8578c67000-7f8578e67000 ---p 0016f000 08:02 10364798                   /usr/lib/libgio-2.0.so.0.4200.1
7f8578e67000-7f8578e6b000 r--p 0016f000 08:02 10364798                   /usr/lib/libgio-2.0.so.0.4200.1
7f8578e6b000-7f8578e6d000 rw-p 00173000 08:02 10364798                   /usr/lib/libgio-2.0.so.0.4200.1
7f8578e6d000-7f8578e6f000 rw-p 00000000 00:00 0 
7f8578e6f000-7f8578e70000 r--s 00004000 08:02 11668749                   /usr/share/java/gradle/lib/ant-launcher-1.9.3.jar
7f8578e70000-7f8578e73000 r--s 0000a000 08:02 11669163                   /usr/share/java/gradle/lib/plugins/jarjar-plexus-classworlds-2.4.jar
7f8578e73000-7f8578e77000 r--s 00035000 08:02 11669158                   /usr/share/java/gradle/lib/plugins/jarjar-plexus-utils-2.0.6.jar
7f8578e77000-7f8578e79000 r--s 0000e000 08:02 11669160                   /usr/share/java/gradle/lib/plugins/jarjar-plexus-interpolation-1.14.jar
7f8578e79000-7f8578e7b000 r--s 00002000 08:02 11669164                   /usr/share/java/gradle/lib/plugins/jarjar-plexus-cipher-1.7.jar
7f8578e7b000-7f8578e7d000 r--s 0000c000 08:02 11669155                   /usr/share/java/gradle/lib/plugins/jarjar-wagon-provider-api-2.4.jar
7f8578e7d000-7f8578e7f000 r--s 0000d000 08:02 11669176                   /usr/share/java/gradle/lib/plugins/jarjar-maven-aether-provider-3.0.4.jar
7f8578e7f000-7f8578e87000 r--s 00031000 08:02 11669161                   /usr/share/java/gradle/lib/plugins/jarjar-plexus-container-default-1.5.5.jar
7f8578e87000-7f8578e9f000 r--s 000b5000 08:02 11669219                   /usr/share/java/gradle/lib/plugins/gradle-dependency-management-2.2.1.jar
7f8578e9f000-7f8578eb6000 r-xp 00000000 08:02 11280049                   /usr/lib/jvm/java-7-openjdk/jre/lib/amd64/libnet.so
7f8578eb6000-7f85790b5000 ---p 00017000 08:02 11280049                   /usr/lib/jvm/java-7-openjdk/jre/lib/amd64/libnet.so
7f85790b5000-7f85790b6000 rw-p 00016000 08:02 11280049                   /usr/lib/jvm/java-7-openjdk/jre/lib/amd64/libnet.so
7f85790b6000-7f85790de000 r--s 001cf000 08:02 11668690                   /usr/share/java/gradle/lib/guava-jdk5-17.0.jar
7f85790de000-7f85790e0000 r--s 00000000 08:02 11668682                   /usr/share/java/gradle/lib/jul-to-slf4j-1.7.7.jar
7f85790e0000-7f85790ea000 r--s 0005d000 08:02 11668678                   /usr/share/java/gradle/lib/logback-core-1.0.13.jar
7f85790ea000-7f85790f0000 r--s 0003b000 08:02 11668679                   /usr/share/java/gradle/lib/logback-classic-1.0.13.jar
7f85790f0000-7f8579121000 r--s 00191000 08:02 11668703                   /usr/share/java/gradle/lib/gradle-core-2.2.1.jar
7f8579121000-7f8579122000 ---p 00000000 00:00 0 
7f8579122000-7f8579222000 rw-p 00000000 00:00 0                          [stack:10767]
7f8579222000-7f8579225000 ---p 00000000 00:00 0 
7f8579225000-7f8579323000 rw-p 00000000 00:00 0                          [stack:10766]
7f8579323000-7f8579326000 ---p 00000000 00:00 0 
7f8579326000-7f8579424000 rw-p 00000000 00:00 0                          [stack:10765]
7f8579424000-7f8579427000 ---p 00000000 00:00 0 
7f8579427000-7f8579525000 rw-p 00000000 00:00 0                          [stack:10764]
7f8579525000-7f8579528000 ---p 00000000 00:00 0 
7f8579528000-7f8579626000 rw-p 00000000 00:00 0                          [stack:10763]
7f8579626000-7f85797af000 r--p 00000000 08:02 10391597                   /usr/lib/locale/locale-archive
7f85797af000-7f85797b2000 ---p 00000000 00:00 0 
7f85797b2000-7f85798b0000 rw-p 00000000 00:00 0                          [stack:10762]
7f85798b0000-7f85798b3000 ---p 00000000 00:00 0 
7f85798b3000-7f85799b1000 rw-p 00000000 00:00 0                          [stack:10761]
7f85799b1000-7f85799b2000 ---p 00000000 00:00 0 
7f85799b2000-7f857b71e000 rw-p 00000000 00:00 0                          [stack:10760]
7f857b71e000-7f857b8cf000 r--s 01d23000 08:02 11279579                   /usr/lib/jvm/java-7-openjdk/jre/lib/rt.jar
7f857b8cf000-7f857be21000 rw-p 00000000 00:00 0 
7f857be21000-7f857be22000 ---p 00000000 00:00 0 
7f857be22000-7f857bf22000 rw-p 00000000 00:00 0                          [stack:10759]
7f857bf22000-7f857bf23000 ---p 00000000 00:00 0 
7f857bf23000-7f857c023000 rw-p 00000000 00:00 0                          [stack:10758]
7f857c023000-7f857c024000 ---p 00000000 00:00 0 
7f857c024000-7f857c124000 rw-p 00000000 00:00 0                          [stack:10757]
7f857c124000-7f857c125000 ---p 00000000 00:00 0 
7f857c125000-7f857c225000 rw-p 00000000 00:00 0                          [stack:10756]
7f857c225000-7f857c226000 ---p 00000000 00:00 0 
7f857c226000-7f857c326000 rw-p 00000000 00:00 0                          [stack:10755]
7f857c326000-7f857c327000 ---p 00000000 00:00 0 
7f857c327000-7f857c427000 rw-p 00000000 00:00 0                          [stack:10754]
7f857c427000-7f857c428000 ---p 00000000 00:00 0 
7f857c428000-7f857c57c000 rw-p 00000000 00:00 0                          [stack:10753]
7f857c57c000-7f857c7bb000 rw-p 00000000 00:00 0 
7f857c7bb000-7f857c7c7000 rw-p 00000000 00:00 0 
7f857c7c7000-7f857c80e000 rw-p 00000000 00:00 0 
7f857c80e000-7f857c862000 rw-p 00000000 00:00 0 
7f857c862000-7f857caa0000 rw-p 00000000 00:00 0 
7f857caa0000-7f857cb01000 rw-p 00000000 00:00 0 
7f857cb01000-7f857cb0c000 ---p 00000000 00:00 0 
7f857cb0c000-7f857cbea000 rw-p 00000000 00:00 0 
7f857cbea000-7f857cbeb000 rw-p 00000000 00:00 0 
7f857cbeb000-7f857ce5b000 rwxp 00000000 00:00 0 
7f857ce5b000-7f857fbeb000 rw-p 00000000 00:00 0 
7f857fbeb000-7f857fbf3000 r-xp 00000000 08:02 11280048                   /usr/lib/jvm/java-7-openjdk/jre/lib/amd64/libzip.so
7f857fbf3000-7f857fdf2000 ---p 00008000 08:02 11280048                   /usr/lib/jvm/java-7-openjdk/jre/lib/amd64/libzip.so
7f857fdf2000-7f857fdf3000 rw-p 00007000 08:02 11280048                   /usr/lib/jvm/java-7-openjdk/jre/lib/amd64/libzip.so
7f857fdf3000-7f857fdfe000 r-xp 00000000 08:02 10358025                   /usr/lib/libnss_files-2.20.so
7f857fdfe000-7f857fffe000 ---p 0000b000 08:02 10358025                   /usr/lib/libnss_files-2.20.so
7f857fffe000-7f857ffff000 r--p 0000b000 08:02 10358025                   /usr/lib/libnss_files-2.20.so
7f857ffff000-7f8580000000 rw-p 0000c000 08:02 10358025                   /usr/lib/libnss_files-2.20.so
7f8580000000-7f85809dd000 rw-p 00000000 00:00 0 
7f85809dd000-7f8584000000 ---p 00000000 00:00 0 
7f8584000000-7f8584001000 r--s 00002000 08:02 11669157                   /usr/share/java/gradle/lib/plugins/jarjar-wagon-http-2.4.jar
7f8584001000-7f8584003000 r--s 00006000 08:02 11666002                   /usr/share/java/gradle/lib/slf4j-api-1.7.7.jar
7f8584003000-7f858400c000 r--s 00039000 08:02 11668700                   /usr/share/java/gradle/lib/gradle-messaging-2.2.1.jar
7f858400c000-7f858400e000 r--s 00008000 08:02 11668697                   /usr/share/java/gradle/lib/gradle-native-2.2.1.jar
7f858400e000-7f858400f000 ---p 00000000 00:00 0 
7f858400f000-7f858411b000 rw-p 00000000 00:00 0                          [stack:10752]
7f858411b000-7f8584162000 rw-p 00000000 00:00 0 
7f8584162000-7f858418e000 r-xp 00000000 08:02 11280047                   /usr/lib/jvm/java-7-openjdk/jre/lib/amd64/libjava.so
7f858418e000-7f858438d000 ---p 0002c000 08:02 11280047                   /usr/lib/jvm/java-7-openjdk/jre/lib/amd64/libjava.so
7f858438d000-7f858438f000 rw-p 0002b000 08:02 11280047                   /usr/lib/jvm/java-7-openjdk/jre/lib/amd64/libjava.so
7f858438f000-7f858439c000 r-xp 00000000 08:02 11280046                   /usr/lib/jvm/java-7-openjdk/jre/lib/amd64/libverify.so
7f858439c000-7f858459b000 ---p 0000d000 08:02 11280046                   /usr/lib/jvm/java-7-openjdk/jre/lib/amd64/libverify.so
7f858459b000-7f858459d000 rw-p 0000c000 08:02 11280046                   /usr/lib/jvm/java-7-openjdk/jre/lib/amd64/libverify.so
7f858459d000-7f85845a4000 r-xp 00000000 08:02 10358085                   /usr/lib/librt-2.20.so
7f85845a4000-7f85847a3000 ---p 00007000 08:02 10358085                   /usr/lib/librt-2.20.so
7f85847a3000-7f85847a4000 r--p 00006000 08:02 10358085                   /usr/lib/librt-2.20.so
7f85847a4000-7f85847a5000 rw-p 00007000 08:02 10358085                   /usr/lib/librt-2.20.so
7f85847a5000-7f85847bb000 r-xp 00000000 08:02 10361685                   /usr/lib/libgcc_s.so.1
7f85847bb000-7f85849ba000 ---p 00016000 08:02 10361685                   /usr/lib/libgcc_s.so.1
7f85849ba000-7f85849bb000 rw-p 00015000 08:02 10361685                   /usr/lib/libgcc_s.so.1
7f85849bb000-7f8584abe000 r-xp 00000000 08:02 10358071                   /usr/lib/libm-2.20.so
7f8584abe000-7f8584cbe000 ---p 00103000 08:02 10358071                   /usr/lib/libm-2.20.so
7f8584cbe000-7f8584cbf000 r--p 00103000 08:02 10358071                   /usr/lib/libm-2.20.so
7f8584cbf000-7f8584cc0000 rw-p 00104000 08:02 10358071                   /usr/lib/libm-2.20.so
7f8584cc0000-7f8584db0000 r-xp 00000000 08:02 10385538                   /usr/lib/libstdc++.so.6.0.20
7f8584db0000-7f8584fb0000 ---p 000f0000 08:02 10385538                   /usr/lib/libstdc++.so.6.0.20
7f8584fb0000-7f8584fb8000 r--p 000f0000 08:02 10385538                   /usr/lib/libstdc++.so.6.0.20
7f8584fb8000-7f8584fba000 rw-p 000f8000 08:02 10385538                   /usr/lib/libstdc++.so.6.0.20
7f8584fba000-7f8584fcf000 rw-p 00000000 00:00 0 
7f8584fcf000-7f8585b19000 r-xp 00000000 08:02 11280098                   /usr/lib/jvm/java-7-openjdk/jre/lib/amd64/server/libjvm.so
7f8585b19000-7f8585d19000 ---p 00b4a000 08:02 11280098                   /usr/lib/jvm/java-7-openjdk/jre/lib/amd64/server/libjvm.so
7f8585d19000-7f8585ddb000 rw-p 00b4a000 08:02 11280098                   /usr/lib/jvm/java-7-openjdk/jre/lib/amd64/server/libjvm.so
7f8585ddb000-7f8585e07000 rw-p 00000000 00:00 0 
7f8585e07000-7f8585e1c000 r-xp 00000000 08:02 10360974                   /usr/lib/libz.so.1.2.8
7f8585e1c000-7f858601b000 ---p 00015000 08:02 10360974                   /usr/lib/libz.so.1.2.8
7f858601b000-7f858601c000 r--p 00014000 08:02 10360974                   /usr/lib/libz.so.1.2.8
7f858601c000-7f858601d000 rw-p 00015000 08:02 10360974                   /usr/lib/libz.so.1.2.8
7f858601d000-7f85861b6000 r-xp 00000000 08:02 10358072                   /usr/lib/libc-2.20.so
7f85861b6000-7f85863b6000 ---p 00199000 08:02 10358072                   /usr/lib/libc-2.20.so
7f85863b6000-7f85863ba000 r--p 00199000 08:02 10358072                   /usr/lib/libc-2.20.so
7f85863ba000-7f85863bc000 rw-p 0019d000 08:02 10358072                   /usr/lib/libc-2.20.so
7f85863bc000-7f85863c0000 rw-p 00000000 00:00 0 
7f85863c0000-7f85863c3000 r-xp 00000000 08:02 10358018                   /usr/lib/libdl-2.20.so
7f85863c3000-7f85865c2000 ---p 00003000 08:02 10358018                   /usr/lib/libdl-2.20.so
7f85865c2000-7f85865c3000 r--p 00002000 08:02 10358018                   /usr/lib/libdl-2.20.so
7f85865c3000-7f85865c4000 rw-p 00003000 08:02 10358018                   /usr/lib/libdl-2.20.so
7f85865c4000-7f85865d1000 r-xp 00000000 08:02 11280088                   /usr/lib/jvm/java-7-openjdk/jre/lib/amd64/jli/libjli.so
7f85865d1000-7f85867d0000 ---p 0000d000 08:02 11280088                   /usr/lib/jvm/java-7-openjdk/jre/lib/amd64/jli/libjli.so
7f85867d0000-7f85867d1000 rw-p 0000c000 08:02 11280088                   /usr/lib/jvm/java-7-openjdk/jre/lib/amd64/jli/libjli.so
7f85867d1000-7f85867e8000 r-xp 00000000 08:02 10358037                   /usr/lib/libpthread-2.20.so
7f85867e8000-7f85869e7000 ---p 00017000 08:02 10358037                   /usr/lib/libpthread-2.20.so
7f85869e7000-7f85869e8000 r--p 00016000 08:02 10358037                   /usr/lib/libpthread-2.20.so
7f85869e8000-7f85869e9000 rw-p 00017000 08:02 10358037                   /usr/lib/libpthread-2.20.so
7f85869e9000-7f85869ed000 rw-p 00000000 00:00 0 
7f85869ed000-7f8586a0f000 r-xp 00000000 08:02 10358028                   /usr/lib/ld-2.20.so
7f8586a0f000-7f8586a10000 r--s 00007000 08:02 11669168                   /usr/share/java/gradle/lib/plugins/jarjar-maven-repository-metadata-3.0.4.jar
7f8586a10000-7f8586a12000 r--s 00005000 08:02 11668704                   /usr/share/java/gradle/lib/gradle-cli-2.2.1.jar
7f8586a12000-7f8586a18000 r--s 00026000 08:02 11668706                   /usr/share/java/gradle/lib/gradle-base-services-2.2.1.jar
7f8586a18000-7f8586a22000 rw-p 00000000 00:00 0 
7f8586a22000-7f8586ad8000 rw-p 00000000 00:00 0 
7f8586ad8000-7f8586adb000 ---p 00000000 00:00 0 
7f8586adb000-7f8586bdd000 rw-p 00000000 00:00 0                          [stack:10751]
7f8586bdd000-7f8586bde000 r--s 0000b000 08:02 11669167                   /usr/share/java/gradle/lib/plugins/jarjar-maven-settings-3.0.4.jar
7f8586bde000-7f8586be2000 r--s 0004d000 08:02 11279581                   /usr/lib/jvm/java-7-openjdk/jre/lib/jsse.jar
7f8586be2000-7f8586c03000 rw-p 00000000 00:00 0 
7f8586c03000-7f8586c0b000 rw-s 00000000 00:20 197599                     /tmp/hsperfdata_abrarsyed/10745
7f8586c0b000-7f8586c0c000 rw-p 00000000 00:00 0 
7f8586c0c000-7f8586c0d000 ---p 00000000 00:00 0 
7f8586c0d000-7f8586c0e000 rw-p 00000000 00:00 0 
7f8586c0e000-7f8586c0f000 r--p 00021000 08:02 10358028                   /usr/lib/ld-2.20.so
7f8586c0f000-7f8586c10000 rw-p 00022000 08:02 10358028                   /usr/lib/ld-2.20.so
7f8586c10000-7f8586c11000 rw-p 00000000 00:00 0 
7fff836dc000-7fff836fd000 rw-p 00000000 00:00 0                          [stack]
7fff83736000-7fff83738000 r--p 00000000 00:00 0                          [vvar]
7fff83738000-7fff8373a000 r-xp 00000000 00:00 0                          [vdso]
ffffffffff600000-ffffffffff601000 r-xp 00000000 00:00 0                  [vsyscall]

VM Arguments:
jvm_args: -Dfile.encoding=UTF-8 -Duser.country=US -Duser.language=en -Duser.variant 
java_command: org.gradle.process.internal.launcher.GradleWorkerMain 'Gradle Compiler Daemon 1'
Launcher Type: SUN_STANDARD

Environment Variables:
PATH=/usr/local/sbin:/usr/local/bin:/usr/bin:/opt/android-sdk/platform-tools:/opt/android-sdk/tools:/usr/share/java/gradle/bin:/usr/lib/jvm/default/bin:/usr/bin/site_perl:/usr/bin/vendor_perl:/usr/bin/core_perl:/home/abrarsyed/.gem/ruby/2.1.0/bin:/home/abrarsyed/.scripts:/home/abrarsyed/.gem/ruby/2.1.0/bin:/home/abrarsyed/.scripts
LD_LIBRARY_PATH=/usr/lib/catalystpxp/:/usr/lib32/catalystpxp/
SHELL=/bin/bash
DISPLAY=:0

Signal Handlers:
SIGSEGV: [libjvm.so+0x97eaa0], sa_mask[0]=0x7ffbfeff, sa_flags=0x10000004
SIGBUS: [libjvm.so+0x97eaa0], sa_mask[0]=0x7ffbfeff, sa_flags=0x10000004
SIGFPE: [libjvm.so+0x7ece30], sa_mask[0]=0x7ffbfeff, sa_flags=0x10000004
SIGPIPE: [libjvm.so+0x7ece30], sa_mask[0]=0x7ffbfeff, sa_flags=0x10000004
SIGXFSZ: [libjvm.so+0x7ece30], sa_mask[0]=0x7ffbfeff, sa_flags=0x10000004
SIGILL: [libjvm.so+0x7ece30], sa_mask[0]=0x7ffbfeff, sa_flags=0x10000004
SIGUSR1: SIG_DFL, sa_mask[0]=0x00000000, sa_flags=0x00000000
SIGUSR2: [libjvm.so+0x7eccb0], sa_mask[0]=0x00000004, sa_flags=0x10000004
SIGHUP: [libjvm.so+0x7eceb0], sa_mask[0]=0x7ffbfeff, sa_flags=0x10000004
SIGINT: [libjvm.so+0x7eceb0], sa_mask[0]=0x7ffbfeff, sa_flags=0x10000004
SIGTERM: [libjvm.so+0x7eceb0], sa_mask[0]=0x7ffbfeff, sa_flags=0x10000004
SIGQUIT: [libjvm.so+0x7eceb0], sa_mask[0]=0x7ffbfeff, sa_flags=0x10000004
SIGTRAP: SIG_DFL, sa_mask[0]=0x00000000, sa_flags=0x00000000


---------------  S Y S T E M  ---------------

OS:Linux
uname:Linux 3.18.5-1-ARCH #1 SMP PREEMPT Fri Jan 30 07:31:50 CET 2015 x86_64
libc:glibc 2.20 NPTL 2.20 
rlimit: STACK 8192k, CORE 0k, NPROC 31575, NOFILE 4096, AS infinity
load average:1.80 1.35 1.09

/proc/meminfo:
MemTotal:        8091712 kB
MemFree:         1720712 kB
MemAvailable:    3876612 kB
Buffers:          229284 kB
Cached:          2213056 kB
SwapCached:            0 kB
Active:          5111416 kB
Inactive:         835492 kB
Active(anon):    3517768 kB
Inactive(anon):   236168 kB
Active(file):    1593648 kB
Inactive(file):   599324 kB
Unevictable:          32 kB
Mlocked:              32 kB
SwapTotal:             0 kB
SwapFree:              0 kB
Dirty:             46660 kB
Writeback:             0 kB
AnonPages:       3510824 kB
Mapped:           355096 kB
Shmem:            249376 kB
Slab:             254404 kB
SReclaimable:     216344 kB
SUnreclaim:        38060 kB
KernelStack:       10080 kB
PageTables:        43528 kB
NFS_Unstable:          0 kB
Bounce:                0 kB
WritebackTmp:          0 kB
CommitLimit:     4045856 kB
Committed_AS:    7837076 kB
VmallocTotal:   34359738367 kB
VmallocUsed:      368352 kB
VmallocChunk:   34359362548 kB
HardwareCorrupted:     0 kB
AnonHugePages:   1802240 kB
HugePages_Total:       0
HugePages_Free:        0
HugePages_Rsvd:        0
HugePages_Surp:        0
Hugepagesize:       2048 kB
DirectMap4k:      157632 kB
DirectMap2M:     8142848 kB


CPU:total 8 (4 cores per cpu, 2 threads per core) family 6 model 42 stepping 7, cmov, cx8, fxsr, mmx, sse, sse2, sse3, ssse3, sse4.1, sse4.2, popcnt, avx, aes, ht, tsc, tscinvbit

/proc/cpuinfo:
processor	: 0
vendor_id	: GenuineIntel
cpu family	: 6
model		: 42
model name	: Intel(R) Core(TM) i7-2675QM CPU @ 2.20GHz
stepping	: 7
microcode	: 0x28
cpu MHz		: 2132.195
cache size	: 6144 KB
physical id	: 0
siblings	: 8
core id		: 0
cpu cores	: 4
apicid		: 0
initial apicid	: 0
fpu		: yes
fpu_exception	: yes
cpuid level	: 13
wp		: yes
flags		: fpu vme de pse tsc msr pae mce cx8 apic sep mtrr pge mca cmov pat pse36 clflush dts acpi mmx fxsr sse sse2 ss ht tm pbe syscall nx rdtscp lm constant_tsc arch_perfmon pebs bts nopl xtopology nonstop_tsc aperfmperf eagerfpu pni pclmulqdq dtes64 monitor ds_cpl vmx est tm2 ssse3 cx16 xtpr pdcm pcid sse4_1 sse4_2 x2apic popcnt tsc_deadline_timer aes xsave avx lahf_lm ida arat epb pln pts dtherm tpr_shadow vnmi flexpriority ept vpid xsaveopt
bugs		:
bogomips	: 4391.55
clflush size	: 64
cache_alignment	: 64
address sizes	: 36 bits physical, 48 bits virtual
power management:

processor	: 1
vendor_id	: GenuineIntel
cpu family	: 6
model		: 42
model name	: Intel(R) Core(TM) i7-2675QM CPU @ 2.20GHz
stepping	: 7
microcode	: 0x28
cpu MHz		: 2099.968
cache size	: 6144 KB
physical id	: 0
siblings	: 8
core id		: 0
cpu cores	: 4
apicid		: 1
initial apicid	: 1
fpu		: yes
fpu_exception	: yes
cpuid level	: 13
wp		: yes
flags		: fpu vme de pse tsc msr pae mce cx8 apic sep mtrr pge mca cmov pat pse36 clflush dts acpi mmx fxsr sse sse2 ss ht tm pbe syscall nx rdtscp lm constant_tsc arch_perfmon pebs bts nopl xtopology nonstop_tsc aperfmperf eagerfpu pni pclmulqdq dtes64 monitor ds_cpl vmx est tm2 ssse3 cx16 xtpr pdcm pcid sse4_1 sse4_2 x2apic popcnt tsc_deadline_timer aes xsave avx lahf_lm ida arat epb pln pts dtherm tpr_shadow vnmi flexpriority ept vpid xsaveopt
bugs		:
bogomips	: 4391.55
clflush size	: 64
cache_alignment	: 64
address sizes	: 36 bits physical, 48 bits virtual
power management:

processor	: 2
vendor_id	: GenuineIntel
cpu family	: 6
model		: 42
model name	: Intel(R) Core(TM) i7-2675QM CPU @ 2.20GHz
stepping	: 7
microcode	: 0x28
cpu MHz		: 2099.968
cache size	: 6144 KB
physical id	: 0
siblings	: 8
core id		: 1
cpu cores	: 4
apicid		: 2
initial apicid	: 2
fpu		: yes
fpu_exception	: yes
cpuid level	: 13
wp		: yes
flags		: fpu vme de pse tsc msr pae mce cx8 apic sep mtrr pge mca cmov pat pse36 clflush dts acpi mmx fxsr sse sse2 ss ht tm pbe syscall nx rdtscp lm constant_tsc arch_perfmon pebs bts nopl xtopology nonstop_tsc aperfmperf eagerfpu pni pclmulqdq dtes64 monitor ds_cpl vmx est tm2 ssse3 cx16 xtpr pdcm pcid sse4_1 sse4_2 x2apic popcnt tsc_deadline_timer aes xsave avx lahf_lm ida arat epb pln pts dtherm tpr_shadow vnmi flexpriority ept vpid xsaveopt
bugs		:
bogomips	: 4391.55
clflush size	: 64
cache_alignment	: 64
address sizes	: 36 bits physical, 48 bits virtual
power management:

processor	: 3
vendor_id	: GenuineIntel
cpu family	: 6
model		: 42
model name	: Intel(R) Core(TM) i7-2675QM CPU @ 2.20GHz
stepping	: 7
microcode	: 0x28
cpu MHz		: 2146.976
cache size	: 6144 KB
physical id	: 0
siblings	: 8
core id		: 1
cpu cores	: 4
apicid		: 3
initial apicid	: 3
fpu		: yes
fpu_exception	: yes
cpuid level	: 13
wp		: yes
flags		: fpu vme de pse tsc msr pae mce cx8 apic sep mtrr pge mca cmov pat pse36 clflush dts acpi mmx fxsr sse sse2 ss ht tm pbe syscall nx rdtscp lm constant_tsc arch_perfmon pebs bts nopl xtopology nonstop_tsc aperfmperf eagerfpu pni pclmulqdq dtes64 monitor ds_cpl vmx est tm2 ssse3 cx16 xtpr pdcm pcid sse4_1 sse4_2 x2apic popcnt tsc_deadline_timer aes xsave avx lahf_lm ida arat epb pln pts dtherm tpr_shadow vnmi flexpriority ept vpid xsaveopt
bugs		:
bogomips	: 4391.55
clflush size	: 64
cache_alignment	: 64
address sizes	: 36 bits physical, 48 bits virtual
power management:

processor	: 4
vendor_id	: GenuineIntel
cpu family	: 6
model		: 42
model name	: Intel(R) Core(TM) i7-2675QM CPU @ 2.20GHz
stepping	: 7
microcode	: 0x28
cpu MHz		: 2119.476
cache size	: 6144 KB
physical id	: 0
siblings	: 8
core id		: 2
cpu cores	: 4
apicid		: 4
initial apicid	: 4
fpu		: yes
fpu_exception	: yes
cpuid level	: 13
wp		: yes
flags		: fpu vme de pse tsc msr pae mce cx8 apic sep mtrr pge mca cmov pat pse36 clflush dts acpi mmx fxsr sse sse2 ss ht tm pbe syscall nx rdtscp lm constant_tsc arch_perfmon pebs bts nopl xtopology nonstop_tsc aperfmperf eagerfpu pni pclmulqdq dtes64 monitor ds_cpl vmx est tm2 ssse3 cx16 xtpr pdcm pcid sse4_1 sse4_2 x2apic popcnt tsc_deadline_timer aes xsave avx lahf_lm ida arat epb pln pts dtherm tpr_shadow vnmi flexpriority ept vpid xsaveopt
bugs		:
bogomips	: 4391.55
clflush size	: 64
cache_alignment	: 64
address sizes	: 36 bits physical, 48 bits virtual
power management:

processor	: 5
vendor_id	: GenuineIntel
cpu family	: 6
model		: 42
model name	: Intel(R) Core(TM) i7-2675QM CPU @ 2.20GHz
stepping	: 7
microcode	: 0x28
cpu MHz		: 2099.968
cache size	: 6144 KB
physical id	: 0
siblings	: 8
core id		: 2
cpu cores	: 4
apicid		: 5
initial apicid	: 5
fpu		: yes
fpu_exception	: yes
cpuid level	: 13
wp		: yes
flags		: fpu vme de pse tsc msr pae mce cx8 apic sep mtrr pge mca cmov pat pse36 clflush dts acpi mmx fxsr sse sse2 ss ht tm pbe syscall nx rdtscp lm constant_tsc arch_perfmon pebs bts nopl xtopology nonstop_tsc aperfmperf eagerfpu pni pclmulqdq dtes64 monitor ds_cpl vmx est tm2 ssse3 cx16 xtpr pdcm pcid sse4_1 sse4_2 x2apic popcnt tsc_deadline_timer aes xsave avx lahf_lm ida arat epb pln pts dtherm tpr_shadow vnmi flexpriority ept vpid xsaveopt
bugs		:
bogomips	: 4391.55
clflush size	: 64
cache_alignment	: 64
address sizes	: 36 bits physical, 48 bits virtual
power management:

processor	: 6
vendor_id	: GenuineIntel
cpu family	: 6
model		: 42
model name	: Intel(R) Core(TM) i7-2675QM CPU @ 2.20GHz
stepping	: 7
microcode	: 0x28
cpu MHz		: 2127.296
cache size	: 6144 KB
physical id	: 0
siblings	: 8
core id		: 3
cpu cores	: 4
apicid		: 6
initial apicid	: 6
fpu		: yes
fpu_exception	: yes
cpuid level	: 13
wp		: yes
flags		: fpu vme de pse tsc msr pae mce cx8 apic sep mtrr pge mca cmov pat pse36 clflush dts acpi mmx fxsr sse sse2 ss ht tm pbe syscall nx rdtscp lm constant_tsc arch_perfmon pebs bts nopl xtopology nonstop_tsc aperfmperf eagerfpu pni pclmulqdq dtes64 monitor ds_cpl vmx est tm2 ssse3 cx16 xtpr pdcm pcid sse4_1 sse4_2 x2apic popcnt tsc_deadline_timer aes xsave avx lahf_lm ida arat epb pln pts dtherm tpr_shadow vnmi flexpriority ept vpid xsaveopt
bugs		:
bogomips	: 4391.55
clflush size	: 64
cache_alignment	: 64
address sizes	: 36 bits physical, 48 bits virtual
power management:

processor	: 7
vendor_id	: GenuineIntel
cpu family	: 6
model		: 42
model name	: Intel(R) Core(TM) i7-2675QM CPU @ 2.20GHz
stepping	: 7
microcode	: 0x28
cpu MHz		: 2099.968
cache size	: 6144 KB
physical id	: 0
siblings	: 8
core id		: 3
cpu cores	: 4
apicid		: 7
initial apicid	: 7
fpu		: yes
fpu_exception	: yes
cpuid level	: 13
wp		: yes
flags		: fpu vme de pse tsc msr pae mce cx8 apic sep mtrr pge mca cmov pat pse36 clflush dts acpi mmx fxsr sse sse2 ss ht tm pbe syscall nx rdtscp lm constant_tsc arch_perfmon pebs bts nopl xtopology nonstop_tsc aperfmperf eagerfpu pni pclmulqdq dtes64 monitor ds_cpl vmx est tm2 ssse3 cx16 xtpr pdcm pcid sse4_1 sse4_2 x2apic popcnt tsc_deadline_timer aes xsave avx lahf_lm ida arat epb pln pts dtherm tpr_shadow vnmi flexpriority ept vpid xsaveopt
bugs		:
bogomips	: 4391.55
clflush size	: 64
cache_alignment	: 64
address sizes	: 36 bits physical, 48 bits virtual
power management:



Memory: 4k page, physical 8091712k(1720712k free), swap 0k(0k free)

vm_info: OpenJDK 64-Bit Server VM (24.75-b04) for linux-amd64 JRE (1.7.0_75-b13), built on Jan 23 2015 11:04:40 by "builduser" with gcc 4.9.2 20141224 (prerelease)

time: Wed Feb  4 20:19:21 2015
elapsed time: 4 seconds

